<?xml version="1.0" encoding="UTF-8"?>
<!-- Generated by org.testng.reporters.JUnitXMLReporter -->
<testsuite hostname="parthi" ignored="3" name="Test" tests="2" failures="0" timestamp="2021-09-21T17:21:44 IST" time="0.106" errors="0">
  <testcase name="Filpcark" time="0.016" classname="com.TestNg_project.Grouping_Test"/>
  <testcase name="amzon" time="0.0" classname="com.TestNg_project.Grouping_Test"/>
  <testcase name="whatsapp" time="0.0" classname="com.TestNg_project.Grouping_Test">
    <ignored/>
  </testcase> <!-- whatsapp -->
  <testcase name="Instagram" time="0.0" classname="com.TestNg_project.Grouping_Test">
    <ignored/>
  </testcase> <!-- Instagram -->
  <testcase name="facebook" time="0.0" classname="com.TestNg_project.Grouping_Test">
    <ignored/>
  </testcase> <!-- facebook -->
</testsuite> <!-- Test -->
